<?xml version="1.0" encoding="UTF-8"?>
<testsuite xmlns:xsi="http://www.w3.org/2001/XMLSchema-instance" xsi:noNamespaceSchemaLocation="https://maven.apache.org/surefire/maven-surefire-plugin/xsd/surefire-test-report.xsd" name="com.lakesidemutual.customerselfservice.tests.ArchitectureTests" time="2.426" tests="10" errors="0" skipped="0" failures="0">
  <properties>
    <property name="java.specification.version" value="13"/>
    <property name="sun.jnu.encoding" value="UTF-8"/>
    <property name="java.class.path" value="/home/sdellsperger/Documents/priv/school/Cloud/LakesideMutual-Customer-Self-Service-Backend/target/test-classes:/home/sdellsperger/Documents/priv/school/Cloud/LakesideMutual-Customer-Self-Service-Backend/target/classes:/home/sdellsperger/.m2/repository/org/microservice-api-patterns/domaindrivendesign-library/0.2.4/domaindrivendesign-library-0.2.4.jar:/home/sdellsperger/.m2/repository/org/springframework/boot/spring-boot-starter-data-jpa/2.1.0.RELEASE/spring-boot-starter-data-jpa-2.1.0.RELEASE.jar:/home/sdellsperger/.m2/repository/org/springframework/boot/spring-boot-starter-aop/2.1.0.RELEASE/spring-boot-starter-aop-2.1.0.RELEASE.jar:/home/sdellsperger/.m2/repository/org/aspectj/aspectjweaver/1.9.2/aspectjweaver-1.9.2.jar:/home/sdellsperger/.m2/repository/org/springframework/boot/spring-boot-starter-jdbc/2.1.0.RELEASE/spring-boot-starter-jdbc-2.1.0.RELEASE.jar:/home/sdellsperger/.m2/repository/com/zaxxer/HikariCP/3.2.0/HikariCP-3.2.0.jar:/home/sdellsperger/.m2/repository/org/springframework/spring-jdbc/5.1.2.RELEASE/spring-jdbc-5.1.2.RELEASE.jar:/home/sdellsperger/.m2/repository/javax/transaction/javax.transaction-api/1.3/javax.transaction-api-1.3.jar:/home/sdellsperger/.m2/repository/org/hibernate/hibernate-core/5.3.7.Final/hibernate-core-5.3.7.Final.jar:/home/sdellsperger/.m2/repository/org/jboss/logging/jboss-logging/3.3.2.Final/jboss-logging-3.3.2.Final.jar:/home/sdellsperger/.m2/repository/javax/persistence/javax.persistence-api/2.2/javax.persistence-api-2.2.jar:/home/sdellsperger/.m2/repository/org/javassist/javassist/3.23.1-GA/javassist-3.23.1-GA.jar:/home/sdellsperger/.m2/repository/net/bytebuddy/byte-buddy/1.9.3/byte-buddy-1.9.3.jar:/home/sdellsperger/.m2/repository/antlr/antlr/2.7.7/antlr-2.7.7.jar:/home/sdellsperger/.m2/repository/org/jboss/jandex/2.0.5.Final/jandex-2.0.5.Final.jar:/home/sdellsperger/.m2/repository/org/dom4j/dom4j/2.1.1/dom4j-2.1.1.jar:/home/sdellsperger/.m2/repository/org/hibernate/common/hibernate-commons-annotations/5.0.4.Final/hibernate-commons-annotations-5.0.4.Final.jar:/home/sdellsperger/.m2/repository/org/springframework/data/spring-data-jpa/2.1.2.RELEASE/spring-data-jpa-2.1.2.RELEASE.jar:/home/sdellsperger/.m2/repository/org/springframework/data/spring-data-commons/2.1.2.RELEASE/spring-data-commons-2.1.2.RELEASE.jar:/home/sdellsperger/.m2/repository/org/springframework/spring-orm/5.1.2.RELEASE/spring-orm-5.1.2.RELEASE.jar:/home/sdellsperger/.m2/repository/org/springframework/spring-tx/5.1.2.RELEASE/spring-tx-5.1.2.RELEASE.jar:/home/sdellsperger/.m2/repository/org/springframework/spring-aspects/5.1.2.RELEASE/spring-aspects-5.1.2.RELEASE.jar:/home/sdellsperger/.m2/repository/org/springframework/boot/spring-boot-starter-web/2.1.0.RELEASE/spring-boot-starter-web-2.1.0.RELEASE.jar:/home/sdellsperger/.m2/repository/org/springframework/boot/spring-boot-starter/2.1.0.RELEASE/spring-boot-starter-2.1.0.RELEASE.jar:/home/sdellsperger/.m2/repository/org/springframework/boot/spring-boot-starter-logging/2.1.0.RELEASE/spring-boot-starter-logging-2.1.0.RELEASE.jar:/home/sdellsperger/.m2/repository/ch/qos/logback/logback-classic/1.2.3/logback-classic-1.2.3.jar:/home/sdellsperger/.m2/repository/ch/qos/logback/logback-core/1.2.3/logback-core-1.2.3.jar:/home/sdellsperger/.m2/repository/org/apache/logging/log4j/log4j-to-slf4j/2.11.1/log4j-to-slf4j-2.11.1.jar:/home/sdellsperger/.m2/repository/org/apache/logging/log4j/log4j-api/2.11.1/log4j-api-2.11.1.jar:/home/sdellsperger/.m2/repository/org/slf4j/jul-to-slf4j/1.7.25/jul-to-slf4j-1.7.25.jar:/home/sdellsperger/.m2/repository/javax/annotation/javax.annotation-api/1.3.2/javax.annotation-api-1.3.2.jar:/home/sdellsperger/.m2/repository/org/yaml/snakeyaml/1.23/snakeyaml-1.23.jar:/home/sdellsperger/.m2/repository/org/springframework/boot/spring-boot-starter-json/2.1.0.RELEASE/spring-boot-starter-json-2.1.0.RELEASE.jar:/home/sdellsperger/.m2/repository/com/fasterxml/jackson/datatype/jackson-datatype-jdk8/2.9.7/jackson-datatype-jdk8-2.9.7.jar:/home/sdellsperger/.m2/repository/com/fasterxml/jackson/datatype/jackson-datatype-jsr310/2.9.7/jackson-datatype-jsr310-2.9.7.jar:/home/sdellsperger/.m2/repository/com/fasterxml/jackson/module/jackson-module-parameter-names/2.9.7/jackson-module-parameter-names-2.9.7.jar:/home/sdellsperger/.m2/repository/org/springframework/boot/spring-boot-starter-tomcat/2.1.0.RELEASE/spring-boot-starter-tomcat-2.1.0.RELEASE.jar:/home/sdellsperger/.m2/repository/org/apache/tomcat/embed/tomcat-embed-core/9.0.12/tomcat-embed-core-9.0.12.jar:/home/sdellsperger/.m2/repository/org/apache/tomcat/embed/tomcat-embed-el/9.0.12/tomcat-embed-el-9.0.12.jar:/home/sdellsperger/.m2/repository/org/apache/tomcat/embed/tomcat-embed-websocket/9.0.12/tomcat-embed-websocket-9.0.12.jar:/home/sdellsperger/.m2/repository/org/hibernate/validator/hibernate-validator/6.0.13.Final/hibernate-validator-6.0.13.Final.jar:/home/sdellsperger/.m2/repository/javax/validation/validation-api/2.0.1.Final/validation-api-2.0.1.Final.jar:/home/sdellsperger/.m2/repository/org/springframework/spring-web/5.1.2.RELEASE/spring-web-5.1.2.RELEASE.jar:/home/sdellsperger/.m2/repository/org/springframework/spring-webmvc/5.1.2.RELEASE/spring-webmvc-5.1.2.RELEASE.jar:/home/sdellsperger/.m2/repository/org/springframework/spring-expression/5.1.2.RELEASE/spring-expression-5.1.2.RELEASE.jar:/home/sdellsperger/.m2/repository/org/springframework/boot/spring-boot-starter-security/2.1.0.RELEASE/spring-boot-starter-security-2.1.0.RELEASE.jar:/home/sdellsperger/.m2/repository/org/springframework/spring-aop/5.1.2.RELEASE/spring-aop-5.1.2.RELEASE.jar:/home/sdellsperger/.m2/repository/org/springframework/security/spring-security-config/5.1.1.RELEASE/spring-security-config-5.1.1.RELEASE.jar:/home/sdellsperger/.m2/repository/org/springframework/security/spring-security-core/5.1.1.RELEASE/spring-security-core-5.1.1.RELEASE.jar:/home/sdellsperger/.m2/repository/org/springframework/security/spring-security-web/5.1.1.RELEASE/spring-security-web-5.1.1.RELEASE.jar:/home/sdellsperger/.m2/repository/com/h2database/h2/1.4.197/h2-1.4.197.jar:/home/sdellsperger/.m2/repository/org/springframework/boot/spring-boot-starter-test/2.1.0.RELEASE/spring-boot-starter-test-2.1.0.RELEASE.jar:/home/sdellsperger/.m2/repository/org/springframework/boot/spring-boot-test/2.1.0.RELEASE/spring-boot-test-2.1.0.RELEASE.jar:/home/sdellsperger/.m2/repository/org/springframework/boot/spring-boot-test-autoconfigure/2.1.0.RELEASE/spring-boot-test-autoconfigure-2.1.0.RELEASE.jar:/home/sdellsperger/.m2/repository/com/jayway/jsonpath/json-path/2.4.0/json-path-2.4.0.jar:/home/sdellsperger/.m2/repository/net/minidev/json-smart/2.3/json-smart-2.3.jar:/home/sdellsperger/.m2/repository/net/minidev/accessors-smart/1.2/accessors-smart-1.2.jar:/home/sdellsperger/.m2/repository/junit/junit/4.12/junit-4.12.jar:/home/sdellsperger/.m2/repository/org/assertj/assertj-core/3.11.1/assertj-core-3.11.1.jar:/home/sdellsperger/.m2/repository/org/mockito/mockito-core/2.23.0/mockito-core-2.23.0.jar:/home/sdellsperger/.m2/repository/net/bytebuddy/byte-buddy-agent/1.9.3/byte-buddy-agent-1.9.3.jar:/home/sdellsperger/.m2/repository/org/objenesis/objenesis/2.6/objenesis-2.6.jar:/home/sdellsperger/.m2/repository/org/hamcrest/hamcrest-core/1.3/hamcrest-core-1.3.jar:/home/sdellsperger/.m2/repository/org/hamcrest/hamcrest-library/1.3/hamcrest-library-1.3.jar:/home/sdellsperger/.m2/repository/org/skyscreamer/jsonassert/1.5.0/jsonassert-1.5.0.jar:/home/sdellsperger/.m2/repository/com/vaadin/external/google/android-json/0.0.20131108.vaadin1/android-json-0.0.20131108.vaadin1.jar:/home/sdellsperger/.m2/repository/org/springframework/spring-core/5.1.2.RELEASE/spring-core-5.1.2.RELEASE.jar:/home/sdellsperger/.m2/repository/org/springframework/spring-jcl/5.1.2.RELEASE/spring-jcl-5.1.2.RELEASE.jar:/home/sdellsperger/.m2/repository/org/springframework/spring-test/5.1.2.RELEASE/spring-test-5.1.2.RELEASE.jar:/home/sdellsperger/.m2/repository/org/xmlunit/xmlunit-core/2.6.2/xmlunit-core-2.6.2.jar:/home/sdellsperger/.m2/repository/com/tngtech/archunit/archunit-junit4/0.9.3/archunit-junit4-0.9.3.jar:/home/sdellsperger/.m2/repository/com/tngtech/archunit/archunit/0.9.3/archunit-0.9.3.jar:/home/sdellsperger/.m2/repository/io/jsonwebtoken/jjwt/0.4/jjwt-0.4.jar:/home/sdellsperger/.m2/repository/org/slf4j/slf4j-api/1.7.25/slf4j-api-1.7.25.jar:/home/sdellsperger/.m2/repository/org/springframework/boot/spring-boot-devtools/2.1.0.RELEASE/spring-boot-devtools-2.1.0.RELEASE.jar:/home/sdellsperger/.m2/repository/org/springframework/boot/spring-boot/2.1.0.RELEASE/spring-boot-2.1.0.RELEASE.jar:/home/sdellsperger/.m2/repository/org/springframework/boot/spring-boot-autoconfigure/2.1.0.RELEASE/spring-boot-autoconfigure-2.1.0.RELEASE.jar:/home/sdellsperger/.m2/repository/io/springfox/springfox-swagger2/2.8.0/springfox-swagger2-2.8.0.jar:/home/sdellsperger/.m2/repository/io/swagger/swagger-annotations/1.5.14/swagger-annotations-1.5.14.jar:/home/sdellsperger/.m2/repository/io/swagger/swagger-models/1.5.14/swagger-models-1.5.14.jar:/home/sdellsperger/.m2/repository/io/springfox/springfox-spi/2.8.0/springfox-spi-2.8.0.jar:/home/sdellsperger/.m2/repository/io/springfox/springfox-core/2.8.0/springfox-core-2.8.0.jar:/home/sdellsperger/.m2/repository/io/springfox/springfox-schema/2.8.0/springfox-schema-2.8.0.jar:/home/sdellsperger/.m2/repository/io/springfox/springfox-swagger-common/2.8.0/springfox-swagger-common-2.8.0.jar:/home/sdellsperger/.m2/repository/io/springfox/springfox-spring-web/2.8.0/springfox-spring-web-2.8.0.jar:/home/sdellsperger/.m2/repository/org/reflections/reflections/0.9.11/reflections-0.9.11.jar:/home/sdellsperger/.m2/repository/com/google/guava/guava/20.0/guava-20.0.jar:/home/sdellsperger/.m2/repository/com/fasterxml/classmate/1.4.0/classmate-1.4.0.jar:/home/sdellsperger/.m2/repository/org/springframework/plugin/spring-plugin-core/1.2.0.RELEASE/spring-plugin-core-1.2.0.RELEASE.jar:/home/sdellsperger/.m2/repository/org/springframework/plugin/spring-plugin-metadata/1.2.0.RELEASE/spring-plugin-metadata-1.2.0.RELEASE.jar:/home/sdellsperger/.m2/repository/org/mapstruct/mapstruct/1.2.0.Final/mapstruct-1.2.0.Final.jar:/home/sdellsperger/.m2/repository/io/springfox/springfox-swagger-ui/2.8.0/springfox-swagger-ui-2.8.0.jar:/home/sdellsperger/.m2/repository/com/googlecode/libphonenumber/libphonenumber/4.3/libphonenumber-4.3.jar:/home/sdellsperger/.m2/repository/com/fasterxml/jackson/dataformat/jackson-dataformat-csv/2.9.7/jackson-dataformat-csv-2.9.7.jar:/home/sdellsperger/.m2/repository/com/fasterxml/jackson/core/jackson-annotations/2.9.0/jackson-annotations-2.9.0.jar:/home/sdellsperger/.m2/repository/com/fasterxml/jackson/core/jackson-core/2.9.7/jackson-core-2.9.7.jar:/home/sdellsperger/.m2/repository/org/springframework/hateoas/spring-hateoas/0.25.0.RELEASE/spring-hateoas-0.25.0.RELEASE.jar:/home/sdellsperger/.m2/repository/org/springframework/spring-beans/5.1.2.RELEASE/spring-beans-5.1.2.RELEASE.jar:/home/sdellsperger/.m2/repository/org/springframework/spring-context/5.1.2.RELEASE/spring-context-5.1.2.RELEASE.jar:/home/sdellsperger/.m2/repository/org/springframework/boot/spring-boot-starter-actuator/2.1.0.RELEASE/spring-boot-starter-actuator-2.1.0.RELEASE.jar:/home/sdellsperger/.m2/repository/org/springframework/boot/spring-boot-actuator-autoconfigure/2.1.0.RELEASE/spring-boot-actuator-autoconfigure-2.1.0.RELEASE.jar:/home/sdellsperger/.m2/repository/org/springframework/boot/spring-boot-actuator/2.1.0.RELEASE/spring-boot-actuator-2.1.0.RELEASE.jar:/home/sdellsperger/.m2/repository/io/micrometer/micrometer-core/1.1.0/micrometer-core-1.1.0.jar:/home/sdellsperger/.m2/repository/org/hdrhistogram/HdrHistogram/2.1.9/HdrHistogram-2.1.9.jar:/home/sdellsperger/.m2/repository/org/latencyutils/LatencyUtils/2.0.3/LatencyUtils-2.0.3.jar:/home/sdellsperger/.m2/repository/de/codecentric/spring-boot-admin-starter-client/2.1.1/spring-boot-admin-starter-client-2.1.1.jar:/home/sdellsperger/.m2/repository/de/codecentric/spring-boot-admin-client/2.1.1/spring-boot-admin-client-2.1.1.jar:/home/sdellsperger/.m2/repository/org/jolokia/jolokia-core/1.6.0/jolokia-core-1.6.0.jar:/home/sdellsperger/.m2/repository/com/googlecode/json-simple/json-simple/1.1.1/json-simple-1.1.1.jar:/home/sdellsperger/.m2/repository/es/moki/ratelimitj/ratelimitj-inmemory/0.4.2/ratelimitj-inmemory-0.4.2.jar:/home/sdellsperger/.m2/repository/es/moki/ratelimitj/ratelimitj-core/0.4.2/ratelimitj-core-0.4.2.jar:/home/sdellsperger/.m2/repository/io/projectreactor/reactor-core/3.2.2.RELEASE/reactor-core-3.2.2.RELEASE.jar:/home/sdellsperger/.m2/repository/net/jodah/expiringmap/0.5.8/expiringmap-0.5.8.jar:/home/sdellsperger/.m2/repository/de/jkeylockmanager/jkeylockmanager/2.1.0/jkeylockmanager-2.1.0.jar:/home/sdellsperger/.m2/repository/com/google/code/findbugs/jsr305/3.0.2/jsr305-3.0.2.jar:/home/sdellsperger/.m2/repository/javax/xml/bind/jaxb-api/2.3.1/jaxb-api-2.3.1.jar:/home/sdellsperger/.m2/repository/javax/activation/javax.activation-api/1.2.0/javax.activation-api-1.2.0.jar:/home/sdellsperger/.m2/repository/org/apache/commons/commons-text/1.4/commons-text-1.4.jar:/home/sdellsperger/.m2/repository/org/apache/commons/commons-lang3/3.8.1/commons-lang3-3.8.1.jar:/home/sdellsperger/.m2/repository/io/github/adr/e-adr/1.0.0/e-adr-1.0.0.jar:/home/sdellsperger/.m2/repository/org/springframework/cloud/spring-cloud-starter-netflix-hystrix/2.0.2.RELEASE/spring-cloud-starter-netflix-hystrix-2.0.2.RELEASE.jar:/home/sdellsperger/.m2/repository/org/springframework/cloud/spring-cloud-starter/2.0.2.RELEASE/spring-cloud-starter-2.0.2.RELEASE.jar:/home/sdellsperger/.m2/repository/org/springframework/cloud/spring-cloud-context/2.0.2.RELEASE/spring-cloud-context-2.0.2.RELEASE.jar:/home/sdellsperger/.m2/repository/org/springframework/security/spring-security-crypto/5.1.1.RELEASE/spring-security-crypto-5.1.1.RELEASE.jar:/home/sdellsperger/.m2/repository/org/springframework/cloud/spring-cloud-commons/2.0.2.RELEASE/spring-cloud-commons-2.0.2.RELEASE.jar:/home/sdellsperger/.m2/repository/org/springframework/security/spring-security-rsa/1.0.7.RELEASE/spring-security-rsa-1.0.7.RELEASE.jar:/home/sdellsperger/.m2/repository/org/bouncycastle/bcpkix-jdk15on/1.60/bcpkix-jdk15on-1.60.jar:/home/sdellsperger/.m2/repository/org/bouncycastle/bcprov-jdk15on/1.60/bcprov-jdk15on-1.60.jar:/home/sdellsperger/.m2/repository/org/springframework/cloud/spring-cloud-netflix-core/2.0.2.RELEASE/spring-cloud-netflix-core-2.0.2.RELEASE.jar:/home/sdellsperger/.m2/repository/org/springframework/cloud/spring-cloud-netflix-ribbon/2.0.2.RELEASE/spring-cloud-netflix-ribbon-2.0.2.RELEASE.jar:/home/sdellsperger/.m2/repository/org/springframework/cloud/spring-cloud-netflix-archaius/2.0.2.RELEASE/spring-cloud-netflix-archaius-2.0.2.RELEASE.jar:/home/sdellsperger/.m2/repository/org/springframework/cloud/spring-cloud-starter-netflix-archaius/2.0.2.RELEASE/spring-cloud-starter-netflix-archaius-2.0.2.RELEASE.jar:/home/sdellsperger/.m2/repository/com/netflix/archaius/archaius-core/0.7.6/archaius-core-0.7.6.jar:/home/sdellsperger/.m2/repository/commons-configuration/commons-configuration/1.8/commons-configuration-1.8.jar:/home/sdellsperger/.m2/repository/commons-lang/commons-lang/2.6/commons-lang-2.6.jar:/home/sdellsperger/.m2/repository/com/netflix/hystrix/hystrix-core/1.5.12/hystrix-core-1.5.12.jar:/home/sdellsperger/.m2/repository/io/reactivex/rxjava/1.3.8/rxjava-1.3.8.jar:/home/sdellsperger/.m2/repository/com/netflix/hystrix/hystrix-serialization/1.5.12/hystrix-serialization-1.5.12.jar:/home/sdellsperger/.m2/repository/com/fasterxml/jackson/module/jackson-module-afterburner/2.9.7/jackson-module-afterburner-2.9.7.jar:/home/sdellsperger/.m2/repository/com/netflix/hystrix/hystrix-metrics-event-stream/1.5.12/hystrix-metrics-event-stream-1.5.12.jar:/home/sdellsperger/.m2/repository/com/netflix/hystrix/hystrix-javanica/1.5.12/hystrix-javanica-1.5.12.jar:/home/sdellsperger/.m2/repository/org/ow2/asm/asm/5.0.4/asm-5.0.4.jar:/home/sdellsperger/.m2/repository/io/reactivex/rxjava-reactive-streams/1.2.1/rxjava-reactive-streams-1.2.1.jar:/home/sdellsperger/.m2/repository/org/reactivestreams/reactive-streams/1.0.2/reactive-streams-1.0.2.jar:/home/sdellsperger/.m2/repository/org/springframework/boot/spring-boot-starter-activemq/2.1.0.RELEASE/spring-boot-starter-activemq-2.1.0.RELEASE.jar:/home/sdellsperger/.m2/repository/org/springframework/spring-jms/5.1.2.RELEASE/spring-jms-5.1.2.RELEASE.jar:/home/sdellsperger/.m2/repository/org/springframework/spring-messaging/5.1.2.RELEASE/spring-messaging-5.1.2.RELEASE.jar:/home/sdellsperger/.m2/repository/javax/jms/javax.jms-api/2.0.1/javax.jms-api-2.0.1.jar:/home/sdellsperger/.m2/repository/org/apache/activemq/activemq-broker/5.15.7/activemq-broker-5.15.7.jar:/home/sdellsperger/.m2/repository/org/apache/activemq/activemq-client/5.15.7/activemq-client-5.15.7.jar:/home/sdellsperger/.m2/repository/org/apache/geronimo/specs/geronimo-jms_1.1_spec/1.1.1/geronimo-jms_1.1_spec-1.1.1.jar:/home/sdellsperger/.m2/repository/org/fusesource/hawtbuf/hawtbuf/1.11/hawtbuf-1.11.jar:/home/sdellsperger/.m2/repository/org/apache/activemq/activemq-openwire-legacy/5.15.7/activemq-openwire-legacy-5.15.7.jar:/home/sdellsperger/.m2/repository/org/apache/activemq/activemq-kahadb-store/5.15.7/activemq-kahadb-store-5.15.7.jar:/home/sdellsperger/.m2/repository/org/apache/activemq/protobuf/activemq-protobuf/1.1/activemq-protobuf-1.1.jar:/home/sdellsperger/.m2/repository/org/apache/geronimo/specs/geronimo-j2ee-management_1.1_spec/1.0.1/geronimo-j2ee-management_1.1_spec-1.0.1.jar:/home/sdellsperger/.m2/repository/commons-net/commons-net/3.6/commons-net-3.6.jar:/home/sdellsperger/.m2/repository/com/fasterxml/jackson/core/jackson-databind/2.9.7/jackson-databind-2.9.7.jar:/home/sdellsperger/.m2/repository/org/springframework/cloud/spring-cloud-starter-netflix-eureka-client/2.1.0.RELEASE/spring-cloud-starter-netflix-eureka-client-2.1.0.RELEASE.jar:/home/sdellsperger/.m2/repository/org/springframework/cloud/spring-cloud-netflix-hystrix/2.1.0.RELEASE/spring-cloud-netflix-hystrix-2.1.0.RELEASE.jar:/home/sdellsperger/.m2/repository/org/springframework/cloud/spring-cloud-netflix-eureka-client/2.1.0.RELEASE/spring-cloud-netflix-eureka-client-2.1.0.RELEASE.jar:/home/sdellsperger/.m2/repository/com/netflix/eureka/eureka-client/1.9.8/eureka-client-1.9.8.jar:/home/sdellsperger/.m2/repository/org/codehaus/jettison/jettison/1.3.7/jettison-1.3.7.jar:/home/sdellsperger/.m2/repository/stax/stax-api/1.0.1/stax-api-1.0.1.jar:/home/sdellsperger/.m2/repository/com/netflix/netflix-commons/netflix-eventbus/0.3.0/netflix-eventbus-0.3.0.jar:/home/sdellsperger/.m2/repository/com/netflix/netflix-commons/netflix-infix/0.3.0/netflix-infix-0.3.0.jar:/home/sdellsperger/.m2/repository/commons-jxpath/commons-jxpath/1.3/commons-jxpath-1.3.jar:/home/sdellsperger/.m2/repository/joda-time/joda-time/2.10.1/joda-time-2.10.1.jar:/home/sdellsperger/.m2/repository/org/antlr/antlr-runtime/3.4/antlr-runtime-3.4.jar:/home/sdellsperger/.m2/repository/org/antlr/stringtemplate/3.2.1/stringtemplate-3.2.1.jar:/home/sdellsperger/.m2/repository/com/google/code/gson/gson/2.8.5/gson-2.8.5.jar:/home/sdellsperger/.m2/repository/org/apache/commons/commons-math/2.2/commons-math-2.2.jar:/home/sdellsperger/.m2/repository/javax/ws/rs/jsr311-api/1.1.1/jsr311-api-1.1.1.jar:/home/sdellsperger/.m2/repository/com/netflix/servo/servo-core/0.12.21/servo-core-0.12.21.jar:/home/sdellsperger/.m2/repository/com/sun/jersey/jersey-core/1.19.1/jersey-core-1.19.1.jar:/home/sdellsperger/.m2/repository/com/sun/jersey/jersey-client/1.19.1/jersey-client-1.19.1.jar:/home/sdellsperger/.m2/repository/com/sun/jersey/contribs/jersey-apache-client4/1.19.1/jersey-apache-client4-1.19.1.jar:/home/sdellsperger/.m2/repository/org/apache/httpcomponents/httpclient/4.5.6/httpclient-4.5.6.jar:/home/sdellsperger/.m2/repository/org/apache/httpcomponents/httpcore/4.4.10/httpcore-4.4.10.jar:/home/sdellsperger/.m2/repository/commons-codec/commons-codec/1.11/commons-codec-1.11.jar:/home/sdellsperger/.m2/repository/com/google/inject/guice/4.1.0/guice-4.1.0.jar:/home/sdellsperger/.m2/repository/javax/inject/javax.inject/1/javax.inject-1.jar:/home/sdellsperger/.m2/repository/aopalliance/aopalliance/1.0/aopalliance-1.0.jar:/home/sdellsperger/.m2/repository/com/github/vlsi/compactmap/compactmap/1.2.1/compactmap-1.2.1.jar:/home/sdellsperger/.m2/repository/com/github/andrewoma/dexx/dexx-collections/0.2/dexx-collections-0.2.jar:/home/sdellsperger/.m2/repository/com/netflix/eureka/eureka-core/1.9.8/eureka-core-1.9.8.jar:/home/sdellsperger/.m2/repository/org/codehaus/woodstox/woodstox-core-asl/4.4.1/woodstox-core-asl-4.4.1.jar:/home/sdellsperger/.m2/repository/javax/xml/stream/stax-api/1.0-2/stax-api-1.0-2.jar:/home/sdellsperger/.m2/repository/org/codehaus/woodstox/stax2-api/3.1.4/stax2-api-3.1.4.jar:/home/sdellsperger/.m2/repository/org/springframework/cloud/spring-cloud-starter-netflix-ribbon/2.1.0.RELEASE/spring-cloud-starter-netflix-ribbon-2.1.0.RELEASE.jar:/home/sdellsperger/.m2/repository/com/netflix/ribbon/ribbon/2.3.0/ribbon-2.3.0.jar:/home/sdellsperger/.m2/repository/com/netflix/ribbon/ribbon-transport/2.3.0/ribbon-transport-2.3.0.jar:/home/sdellsperger/.m2/repository/io/reactivex/rxnetty-contexts/0.4.9/rxnetty-contexts-0.4.9.jar:/home/sdellsperger/.m2/repository/io/reactivex/rxnetty-servo/0.4.9/rxnetty-servo-0.4.9.jar:/home/sdellsperger/.m2/repository/io/reactivex/rxnetty/0.4.9/rxnetty-0.4.9.jar:/home/sdellsperger/.m2/repository/com/netflix/ribbon/ribbon-core/2.3.0/ribbon-core-2.3.0.jar:/home/sdellsperger/.m2/repository/com/netflix/ribbon/ribbon-httpclient/2.3.0/ribbon-httpclient-2.3.0.jar:/home/sdellsperger/.m2/repository/commons-collections/commons-collections/3.2.2/commons-collections-3.2.2.jar:/home/sdellsperger/.m2/repository/com/netflix/netflix-commons/netflix-commons-util/0.1.1/netflix-commons-util-0.1.1.jar:/home/sdellsperger/.m2/repository/com/netflix/ribbon/ribbon-loadbalancer/2.3.0/ribbon-loadbalancer-2.3.0.jar:/home/sdellsperger/.m2/repository/com/netflix/netflix-commons/netflix-statistics/0.1.1/netflix-statistics-0.1.1.jar:/home/sdellsperger/.m2/repository/com/netflix/ribbon/ribbon-eureka/2.3.0/ribbon-eureka-2.3.0.jar:/home/sdellsperger/.m2/repository/com/thoughtworks/xstream/xstream/1.4.10/xstream-1.4.10.jar:/home/sdellsperger/.m2/repository/xmlpull/xmlpull/1.1.3.1/xmlpull-1.1.3.1.jar:/home/sdellsperger/.m2/repository/xpp3/xpp3_min/1.1.4c/xpp3_min-1.1.4c.jar:"/>
    <property name="java.vm.vendor" value="Private Build"/>
    <property name="sun.arch.data.model" value="64"/>
    <property name="java.vendor.url" value="Unknown"/>
    <property name="os.name" value="Linux"/>
    <property name="java.vm.specification.version" value="13"/>
    <property name="sun.java.launcher" value="SUN_STANDARD"/>
    <property name="user.country" value="US"/>
    <property name="sun.boot.library.path" value="/usr/lib/jvm/java-13-openjdk-amd64/lib"/>
    <property name="sun.java.command" value="/home/sdellsperger/Documents/priv/school/Cloud/LakesideMutual-Customer-Self-Service-Backend/target/surefire/surefirebooter4217513919306472726.jar /home/sdellsperger/Documents/priv/school/Cloud/LakesideMutual-Customer-Self-Service-Backend/target/surefire 2020-04-06T08-29-59_971-jvmRun1 surefire4456384596082473978tmp surefire_07825557636460877578tmp"/>
    <property name="jdk.debug" value="release"/>
    <property name="surefire.test.class.path" value="/home/sdellsperger/Documents/priv/school/Cloud/LakesideMutual-Customer-Self-Service-Backend/target/test-classes:/home/sdellsperger/Documents/priv/school/Cloud/LakesideMutual-Customer-Self-Service-Backend/target/classes:/home/sdellsperger/.m2/repository/org/microservice-api-patterns/domaindrivendesign-library/0.2.4/domaindrivendesign-library-0.2.4.jar:/home/sdellsperger/.m2/repository/org/springframework/boot/spring-boot-starter-data-jpa/2.1.0.RELEASE/spring-boot-starter-data-jpa-2.1.0.RELEASE.jar:/home/sdellsperger/.m2/repository/org/springframework/boot/spring-boot-starter-aop/2.1.0.RELEASE/spring-boot-starter-aop-2.1.0.RELEASE.jar:/home/sdellsperger/.m2/repository/org/aspectj/aspectjweaver/1.9.2/aspectjweaver-1.9.2.jar:/home/sdellsperger/.m2/repository/org/springframework/boot/spring-boot-starter-jdbc/2.1.0.RELEASE/spring-boot-starter-jdbc-2.1.0.RELEASE.jar:/home/sdellsperger/.m2/repository/com/zaxxer/HikariCP/3.2.0/HikariCP-3.2.0.jar:/home/sdellsperger/.m2/repository/org/springframework/spring-jdbc/5.1.2.RELEASE/spring-jdbc-5.1.2.RELEASE.jar:/home/sdellsperger/.m2/repository/javax/transaction/javax.transaction-api/1.3/javax.transaction-api-1.3.jar:/home/sdellsperger/.m2/repository/org/hibernate/hibernate-core/5.3.7.Final/hibernate-core-5.3.7.Final.jar:/home/sdellsperger/.m2/repository/org/jboss/logging/jboss-logging/3.3.2.Final/jboss-logging-3.3.2.Final.jar:/home/sdellsperger/.m2/repository/javax/persistence/javax.persistence-api/2.2/javax.persistence-api-2.2.jar:/home/sdellsperger/.m2/repository/org/javassist/javassist/3.23.1-GA/javassist-3.23.1-GA.jar:/home/sdellsperger/.m2/repository/net/bytebuddy/byte-buddy/1.9.3/byte-buddy-1.9.3.jar:/home/sdellsperger/.m2/repository/antlr/antlr/2.7.7/antlr-2.7.7.jar:/home/sdellsperger/.m2/repository/org/jboss/jandex/2.0.5.Final/jandex-2.0.5.Final.jar:/home/sdellsperger/.m2/repository/org/dom4j/dom4j/2.1.1/dom4j-2.1.1.jar:/home/sdellsperger/.m2/repository/org/hibernate/common/hibernate-commons-annotations/5.0.4.Final/hibernate-commons-annotations-5.0.4.Final.jar:/home/sdellsperger/.m2/repository/org/springframework/data/spring-data-jpa/2.1.2.RELEASE/spring-data-jpa-2.1.2.RELEASE.jar:/home/sdellsperger/.m2/repository/org/springframework/data/spring-data-commons/2.1.2.RELEASE/spring-data-commons-2.1.2.RELEASE.jar:/home/sdellsperger/.m2/repository/org/springframework/spring-orm/5.1.2.RELEASE/spring-orm-5.1.2.RELEASE.jar:/home/sdellsperger/.m2/repository/org/springframework/spring-tx/5.1.2.RELEASE/spring-tx-5.1.2.RELEASE.jar:/home/sdellsperger/.m2/repository/org/springframework/spring-aspects/5.1.2.RELEASE/spring-aspects-5.1.2.RELEASE.jar:/home/sdellsperger/.m2/repository/org/springframework/boot/spring-boot-starter-web/2.1.0.RELEASE/spring-boot-starter-web-2.1.0.RELEASE.jar:/home/sdellsperger/.m2/repository/org/springframework/boot/spring-boot-starter/2.1.0.RELEASE/spring-boot-starter-2.1.0.RELEASE.jar:/home/sdellsperger/.m2/repository/org/springframework/boot/spring-boot-starter-logging/2.1.0.RELEASE/spring-boot-starter-logging-2.1.0.RELEASE.jar:/home/sdellsperger/.m2/repository/ch/qos/logback/logback-classic/1.2.3/logback-classic-1.2.3.jar:/home/sdellsperger/.m2/repository/ch/qos/logback/logback-core/1.2.3/logback-core-1.2.3.jar:/home/sdellsperger/.m2/repository/org/apache/logging/log4j/log4j-to-slf4j/2.11.1/log4j-to-slf4j-2.11.1.jar:/home/sdellsperger/.m2/repository/org/apache/logging/log4j/log4j-api/2.11.1/log4j-api-2.11.1.jar:/home/sdellsperger/.m2/repository/org/slf4j/jul-to-slf4j/1.7.25/jul-to-slf4j-1.7.25.jar:/home/sdellsperger/.m2/repository/javax/annotation/javax.annotation-api/1.3.2/javax.annotation-api-1.3.2.jar:/home/sdellsperger/.m2/repository/org/yaml/snakeyaml/1.23/snakeyaml-1.23.jar:/home/sdellsperger/.m2/repository/org/springframework/boot/spring-boot-starter-json/2.1.0.RELEASE/spring-boot-starter-json-2.1.0.RELEASE.jar:/home/sdellsperger/.m2/repository/com/fasterxml/jackson/datatype/jackson-datatype-jdk8/2.9.7/jackson-datatype-jdk8-2.9.7.jar:/home/sdellsperger/.m2/repository/com/fasterxml/jackson/datatype/jackson-datatype-jsr310/2.9.7/jackson-datatype-jsr310-2.9.7.jar:/home/sdellsperger/.m2/repository/com/fasterxml/jackson/module/jackson-module-parameter-names/2.9.7/jackson-module-parameter-names-2.9.7.jar:/home/sdellsperger/.m2/repository/org/springframework/boot/spring-boot-starter-tomcat/2.1.0.RELEASE/spring-boot-starter-tomcat-2.1.0.RELEASE.jar:/home/sdellsperger/.m2/repository/org/apache/tomcat/embed/tomcat-embed-core/9.0.12/tomcat-embed-core-9.0.12.jar:/home/sdellsperger/.m2/repository/org/apache/tomcat/embed/tomcat-embed-el/9.0.12/tomcat-embed-el-9.0.12.jar:/home/sdellsperger/.m2/repository/org/apache/tomcat/embed/tomcat-embed-websocket/9.0.12/tomcat-embed-websocket-9.0.12.jar:/home/sdellsperger/.m2/repository/org/hibernate/validator/hibernate-validator/6.0.13.Final/hibernate-validator-6.0.13.Final.jar:/home/sdellsperger/.m2/repository/javax/validation/validation-api/2.0.1.Final/validation-api-2.0.1.Final.jar:/home/sdellsperger/.m2/repository/org/springframework/spring-web/5.1.2.RELEASE/spring-web-5.1.2.RELEASE.jar:/home/sdellsperger/.m2/repository/org/springframework/spring-webmvc/5.1.2.RELEASE/spring-webmvc-5.1.2.RELEASE.jar:/home/sdellsperger/.m2/repository/org/springframework/spring-expression/5.1.2.RELEASE/spring-expression-5.1.2.RELEASE.jar:/home/sdellsperger/.m2/repository/org/springframework/boot/spring-boot-starter-security/2.1.0.RELEASE/spring-boot-starter-security-2.1.0.RELEASE.jar:/home/sdellsperger/.m2/repository/org/springframework/spring-aop/5.1.2.RELEASE/spring-aop-5.1.2.RELEASE.jar:/home/sdellsperger/.m2/repository/org/springframework/security/spring-security-config/5.1.1.RELEASE/spring-security-config-5.1.1.RELEASE.jar:/home/sdellsperger/.m2/repository/org/springframework/security/spring-security-core/5.1.1.RELEASE/spring-security-core-5.1.1.RELEASE.jar:/home/sdellsperger/.m2/repository/org/springframework/security/spring-security-web/5.1.1.RELEASE/spring-security-web-5.1.1.RELEASE.jar:/home/sdellsperger/.m2/repository/com/h2database/h2/1.4.197/h2-1.4.197.jar:/home/sdellsperger/.m2/repository/org/springframework/boot/spring-boot-starter-test/2.1.0.RELEASE/spring-boot-starter-test-2.1.0.RELEASE.jar:/home/sdellsperger/.m2/repository/org/springframework/boot/spring-boot-test/2.1.0.RELEASE/spring-boot-test-2.1.0.RELEASE.jar:/home/sdellsperger/.m2/repository/org/springframework/boot/spring-boot-test-autoconfigure/2.1.0.RELEASE/spring-boot-test-autoconfigure-2.1.0.RELEASE.jar:/home/sdellsperger/.m2/repository/com/jayway/jsonpath/json-path/2.4.0/json-path-2.4.0.jar:/home/sdellsperger/.m2/repository/net/minidev/json-smart/2.3/json-smart-2.3.jar:/home/sdellsperger/.m2/repository/net/minidev/accessors-smart/1.2/accessors-smart-1.2.jar:/home/sdellsperger/.m2/repository/junit/junit/4.12/junit-4.12.jar:/home/sdellsperger/.m2/repository/org/assertj/assertj-core/3.11.1/assertj-core-3.11.1.jar:/home/sdellsperger/.m2/repository/org/mockito/mockito-core/2.23.0/mockito-core-2.23.0.jar:/home/sdellsperger/.m2/repository/net/bytebuddy/byte-buddy-agent/1.9.3/byte-buddy-agent-1.9.3.jar:/home/sdellsperger/.m2/repository/org/objenesis/objenesis/2.6/objenesis-2.6.jar:/home/sdellsperger/.m2/repository/org/hamcrest/hamcrest-core/1.3/hamcrest-core-1.3.jar:/home/sdellsperger/.m2/repository/org/hamcrest/hamcrest-library/1.3/hamcrest-library-1.3.jar:/home/sdellsperger/.m2/repository/org/skyscreamer/jsonassert/1.5.0/jsonassert-1.5.0.jar:/home/sdellsperger/.m2/repository/com/vaadin/external/google/android-json/0.0.20131108.vaadin1/android-json-0.0.20131108.vaadin1.jar:/home/sdellsperger/.m2/repository/org/springframework/spring-core/5.1.2.RELEASE/spring-core-5.1.2.RELEASE.jar:/home/sdellsperger/.m2/repository/org/springframework/spring-jcl/5.1.2.RELEASE/spring-jcl-5.1.2.RELEASE.jar:/home/sdellsperger/.m2/repository/org/springframework/spring-test/5.1.2.RELEASE/spring-test-5.1.2.RELEASE.jar:/home/sdellsperger/.m2/repository/org/xmlunit/xmlunit-core/2.6.2/xmlunit-core-2.6.2.jar:/home/sdellsperger/.m2/repository/com/tngtech/archunit/archunit-junit4/0.9.3/archunit-junit4-0.9.3.jar:/home/sdellsperger/.m2/repository/com/tngtech/archunit/archunit/0.9.3/archunit-0.9.3.jar:/home/sdellsperger/.m2/repository/io/jsonwebtoken/jjwt/0.4/jjwt-0.4.jar:/home/sdellsperger/.m2/repository/org/slf4j/slf4j-api/1.7.25/slf4j-api-1.7.25.jar:/home/sdellsperger/.m2/repository/org/springframework/boot/spring-boot-devtools/2.1.0.RELEASE/spring-boot-devtools-2.1.0.RELEASE.jar:/home/sdellsperger/.m2/repository/org/springframework/boot/spring-boot/2.1.0.RELEASE/spring-boot-2.1.0.RELEASE.jar:/home/sdellsperger/.m2/repository/org/springframework/boot/spring-boot-autoconfigure/2.1.0.RELEASE/spring-boot-autoconfigure-2.1.0.RELEASE.jar:/home/sdellsperger/.m2/repository/io/springfox/springfox-swagger2/2.8.0/springfox-swagger2-2.8.0.jar:/home/sdellsperger/.m2/repository/io/swagger/swagger-annotations/1.5.14/swagger-annotations-1.5.14.jar:/home/sdellsperger/.m2/repository/io/swagger/swagger-models/1.5.14/swagger-models-1.5.14.jar:/home/sdellsperger/.m2/repository/io/springfox/springfox-spi/2.8.0/springfox-spi-2.8.0.jar:/home/sdellsperger/.m2/repository/io/springfox/springfox-core/2.8.0/springfox-core-2.8.0.jar:/home/sdellsperger/.m2/repository/io/springfox/springfox-schema/2.8.0/springfox-schema-2.8.0.jar:/home/sdellsperger/.m2/repository/io/springfox/springfox-swagger-common/2.8.0/springfox-swagger-common-2.8.0.jar:/home/sdellsperger/.m2/repository/io/springfox/springfox-spring-web/2.8.0/springfox-spring-web-2.8.0.jar:/home/sdellsperger/.m2/repository/org/reflections/reflections/0.9.11/reflections-0.9.11.jar:/home/sdellsperger/.m2/repository/com/google/guava/guava/20.0/guava-20.0.jar:/home/sdellsperger/.m2/repository/com/fasterxml/classmate/1.4.0/classmate-1.4.0.jar:/home/sdellsperger/.m2/repository/org/springframework/plugin/spring-plugin-core/1.2.0.RELEASE/spring-plugin-core-1.2.0.RELEASE.jar:/home/sdellsperger/.m2/repository/org/springframework/plugin/spring-plugin-metadata/1.2.0.RELEASE/spring-plugin-metadata-1.2.0.RELEASE.jar:/home/sdellsperger/.m2/repository/org/mapstruct/mapstruct/1.2.0.Final/mapstruct-1.2.0.Final.jar:/home/sdellsperger/.m2/repository/io/springfox/springfox-swagger-ui/2.8.0/springfox-swagger-ui-2.8.0.jar:/home/sdellsperger/.m2/repository/com/googlecode/libphonenumber/libphonenumber/4.3/libphonenumber-4.3.jar:/home/sdellsperger/.m2/repository/com/fasterxml/jackson/dataformat/jackson-dataformat-csv/2.9.7/jackson-dataformat-csv-2.9.7.jar:/home/sdellsperger/.m2/repository/com/fasterxml/jackson/core/jackson-annotations/2.9.0/jackson-annotations-2.9.0.jar:/home/sdellsperger/.m2/repository/com/fasterxml/jackson/core/jackson-core/2.9.7/jackson-core-2.9.7.jar:/home/sdellsperger/.m2/repository/org/springframework/hateoas/spring-hateoas/0.25.0.RELEASE/spring-hateoas-0.25.0.RELEASE.jar:/home/sdellsperger/.m2/repository/org/springframework/spring-beans/5.1.2.RELEASE/spring-beans-5.1.2.RELEASE.jar:/home/sdellsperger/.m2/repository/org/springframework/spring-context/5.1.2.RELEASE/spring-context-5.1.2.RELEASE.jar:/home/sdellsperger/.m2/repository/org/springframework/boot/spring-boot-starter-actuator/2.1.0.RELEASE/spring-boot-starter-actuator-2.1.0.RELEASE.jar:/home/sdellsperger/.m2/repository/org/springframework/boot/spring-boot-actuator-autoconfigure/2.1.0.RELEASE/spring-boot-actuator-autoconfigure-2.1.0.RELEASE.jar:/home/sdellsperger/.m2/repository/org/springframework/boot/spring-boot-actuator/2.1.0.RELEASE/spring-boot-actuator-2.1.0.RELEASE.jar:/home/sdellsperger/.m2/repository/io/micrometer/micrometer-core/1.1.0/micrometer-core-1.1.0.jar:/home/sdellsperger/.m2/repository/org/hdrhistogram/HdrHistogram/2.1.9/HdrHistogram-2.1.9.jar:/home/sdellsperger/.m2/repository/org/latencyutils/LatencyUtils/2.0.3/LatencyUtils-2.0.3.jar:/home/sdellsperger/.m2/repository/de/codecentric/spring-boot-admin-starter-client/2.1.1/spring-boot-admin-starter-client-2.1.1.jar:/home/sdellsperger/.m2/repository/de/codecentric/spring-boot-admin-client/2.1.1/spring-boot-admin-client-2.1.1.jar:/home/sdellsperger/.m2/repository/org/jolokia/jolokia-core/1.6.0/jolokia-core-1.6.0.jar:/home/sdellsperger/.m2/repository/com/googlecode/json-simple/json-simple/1.1.1/json-simple-1.1.1.jar:/home/sdellsperger/.m2/repository/es/moki/ratelimitj/ratelimitj-inmemory/0.4.2/ratelimitj-inmemory-0.4.2.jar:/home/sdellsperger/.m2/repository/es/moki/ratelimitj/ratelimitj-core/0.4.2/ratelimitj-core-0.4.2.jar:/home/sdellsperger/.m2/repository/io/projectreactor/reactor-core/3.2.2.RELEASE/reactor-core-3.2.2.RELEASE.jar:/home/sdellsperger/.m2/repository/net/jodah/expiringmap/0.5.8/expiringmap-0.5.8.jar:/home/sdellsperger/.m2/repository/de/jkeylockmanager/jkeylockmanager/2.1.0/jkeylockmanager-2.1.0.jar:/home/sdellsperger/.m2/repository/com/google/code/findbugs/jsr305/3.0.2/jsr305-3.0.2.jar:/home/sdellsperger/.m2/repository/javax/xml/bind/jaxb-api/2.3.1/jaxb-api-2.3.1.jar:/home/sdellsperger/.m2/repository/javax/activation/javax.activation-api/1.2.0/javax.activation-api-1.2.0.jar:/home/sdellsperger/.m2/repository/org/apache/commons/commons-text/1.4/commons-text-1.4.jar:/home/sdellsperger/.m2/repository/org/apache/commons/commons-lang3/3.8.1/commons-lang3-3.8.1.jar:/home/sdellsperger/.m2/repository/io/github/adr/e-adr/1.0.0/e-adr-1.0.0.jar:/home/sdellsperger/.m2/repository/org/springframework/cloud/spring-cloud-starter-netflix-hystrix/2.0.2.RELEASE/spring-cloud-starter-netflix-hystrix-2.0.2.RELEASE.jar:/home/sdellsperger/.m2/repository/org/springframework/cloud/spring-cloud-starter/2.0.2.RELEASE/spring-cloud-starter-2.0.2.RELEASE.jar:/home/sdellsperger/.m2/repository/org/springframework/cloud/spring-cloud-context/2.0.2.RELEASE/spring-cloud-context-2.0.2.RELEASE.jar:/home/sdellsperger/.m2/repository/org/springframework/security/spring-security-crypto/5.1.1.RELEASE/spring-security-crypto-5.1.1.RELEASE.jar:/home/sdellsperger/.m2/repository/org/springframework/cloud/spring-cloud-commons/2.0.2.RELEASE/spring-cloud-commons-2.0.2.RELEASE.jar:/home/sdellsperger/.m2/repository/org/springframework/security/spring-security-rsa/1.0.7.RELEASE/spring-security-rsa-1.0.7.RELEASE.jar:/home/sdellsperger/.m2/repository/org/bouncycastle/bcpkix-jdk15on/1.60/bcpkix-jdk15on-1.60.jar:/home/sdellsperger/.m2/repository/org/bouncycastle/bcprov-jdk15on/1.60/bcprov-jdk15on-1.60.jar:/home/sdellsperger/.m2/repository/org/springframework/cloud/spring-cloud-netflix-core/2.0.2.RELEASE/spring-cloud-netflix-core-2.0.2.RELEASE.jar:/home/sdellsperger/.m2/repository/org/springframework/cloud/spring-cloud-netflix-ribbon/2.0.2.RELEASE/spring-cloud-netflix-ribbon-2.0.2.RELEASE.jar:/home/sdellsperger/.m2/repository/org/springframework/cloud/spring-cloud-netflix-archaius/2.0.2.RELEASE/spring-cloud-netflix-archaius-2.0.2.RELEASE.jar:/home/sdellsperger/.m2/repository/org/springframework/cloud/spring-cloud-starter-netflix-archaius/2.0.2.RELEASE/spring-cloud-starter-netflix-archaius-2.0.2.RELEASE.jar:/home/sdellsperger/.m2/repository/com/netflix/archaius/archaius-core/0.7.6/archaius-core-0.7.6.jar:/home/sdellsperger/.m2/repository/commons-configuration/commons-configuration/1.8/commons-configuration-1.8.jar:/home/sdellsperger/.m2/repository/commons-lang/commons-lang/2.6/commons-lang-2.6.jar:/home/sdellsperger/.m2/repository/com/netflix/hystrix/hystrix-core/1.5.12/hystrix-core-1.5.12.jar:/home/sdellsperger/.m2/repository/io/reactivex/rxjava/1.3.8/rxjava-1.3.8.jar:/home/sdellsperger/.m2/repository/com/netflix/hystrix/hystrix-serialization/1.5.12/hystrix-serialization-1.5.12.jar:/home/sdellsperger/.m2/repository/com/fasterxml/jackson/module/jackson-module-afterburner/2.9.7/jackson-module-afterburner-2.9.7.jar:/home/sdellsperger/.m2/repository/com/netflix/hystrix/hystrix-metrics-event-stream/1.5.12/hystrix-metrics-event-stream-1.5.12.jar:/home/sdellsperger/.m2/repository/com/netflix/hystrix/hystrix-javanica/1.5.12/hystrix-javanica-1.5.12.jar:/home/sdellsperger/.m2/repository/org/ow2/asm/asm/5.0.4/asm-5.0.4.jar:/home/sdellsperger/.m2/repository/io/reactivex/rxjava-reactive-streams/1.2.1/rxjava-reactive-streams-1.2.1.jar:/home/sdellsperger/.m2/repository/org/reactivestreams/reactive-streams/1.0.2/reactive-streams-1.0.2.jar:/home/sdellsperger/.m2/repository/org/springframework/boot/spring-boot-starter-activemq/2.1.0.RELEASE/spring-boot-starter-activemq-2.1.0.RELEASE.jar:/home/sdellsperger/.m2/repository/org/springframework/spring-jms/5.1.2.RELEASE/spring-jms-5.1.2.RELEASE.jar:/home/sdellsperger/.m2/repository/org/springframework/spring-messaging/5.1.2.RELEASE/spring-messaging-5.1.2.RELEASE.jar:/home/sdellsperger/.m2/repository/javax/jms/javax.jms-api/2.0.1/javax.jms-api-2.0.1.jar:/home/sdellsperger/.m2/repository/org/apache/activemq/activemq-broker/5.15.7/activemq-broker-5.15.7.jar:/home/sdellsperger/.m2/repository/org/apache/activemq/activemq-client/5.15.7/activemq-client-5.15.7.jar:/home/sdellsperger/.m2/repository/org/apache/geronimo/specs/geronimo-jms_1.1_spec/1.1.1/geronimo-jms_1.1_spec-1.1.1.jar:/home/sdellsperger/.m2/repository/org/fusesource/hawtbuf/hawtbuf/1.11/hawtbuf-1.11.jar:/home/sdellsperger/.m2/repository/org/apache/activemq/activemq-openwire-legacy/5.15.7/activemq-openwire-legacy-5.15.7.jar:/home/sdellsperger/.m2/repository/org/apache/activemq/activemq-kahadb-store/5.15.7/activemq-kahadb-store-5.15.7.jar:/home/sdellsperger/.m2/repository/org/apache/activemq/protobuf/activemq-protobuf/1.1/activemq-protobuf-1.1.jar:/home/sdellsperger/.m2/repository/org/apache/geronimo/specs/geronimo-j2ee-management_1.1_spec/1.0.1/geronimo-j2ee-management_1.1_spec-1.0.1.jar:/home/sdellsperger/.m2/repository/commons-net/commons-net/3.6/commons-net-3.6.jar:/home/sdellsperger/.m2/repository/com/fasterxml/jackson/core/jackson-databind/2.9.7/jackson-databind-2.9.7.jar:/home/sdellsperger/.m2/repository/org/springframework/cloud/spring-cloud-starter-netflix-eureka-client/2.1.0.RELEASE/spring-cloud-starter-netflix-eureka-client-2.1.0.RELEASE.jar:/home/sdellsperger/.m2/repository/org/springframework/cloud/spring-cloud-netflix-hystrix/2.1.0.RELEASE/spring-cloud-netflix-hystrix-2.1.0.RELEASE.jar:/home/sdellsperger/.m2/repository/org/springframework/cloud/spring-cloud-netflix-eureka-client/2.1.0.RELEASE/spring-cloud-netflix-eureka-client-2.1.0.RELEASE.jar:/home/sdellsperger/.m2/repository/com/netflix/eureka/eureka-client/1.9.8/eureka-client-1.9.8.jar:/home/sdellsperger/.m2/repository/org/codehaus/jettison/jettison/1.3.7/jettison-1.3.7.jar:/home/sdellsperger/.m2/repository/stax/stax-api/1.0.1/stax-api-1.0.1.jar:/home/sdellsperger/.m2/repository/com/netflix/netflix-commons/netflix-eventbus/0.3.0/netflix-eventbus-0.3.0.jar:/home/sdellsperger/.m2/repository/com/netflix/netflix-commons/netflix-infix/0.3.0/netflix-infix-0.3.0.jar:/home/sdellsperger/.m2/repository/commons-jxpath/commons-jxpath/1.3/commons-jxpath-1.3.jar:/home/sdellsperger/.m2/repository/joda-time/joda-time/2.10.1/joda-time-2.10.1.jar:/home/sdellsperger/.m2/repository/org/antlr/antlr-runtime/3.4/antlr-runtime-3.4.jar:/home/sdellsperger/.m2/repository/org/antlr/stringtemplate/3.2.1/stringtemplate-3.2.1.jar:/home/sdellsperger/.m2/repository/com/google/code/gson/gson/2.8.5/gson-2.8.5.jar:/home/sdellsperger/.m2/repository/org/apache/commons/commons-math/2.2/commons-math-2.2.jar:/home/sdellsperger/.m2/repository/javax/ws/rs/jsr311-api/1.1.1/jsr311-api-1.1.1.jar:/home/sdellsperger/.m2/repository/com/netflix/servo/servo-core/0.12.21/servo-core-0.12.21.jar:/home/sdellsperger/.m2/repository/com/sun/jersey/jersey-core/1.19.1/jersey-core-1.19.1.jar:/home/sdellsperger/.m2/repository/com/sun/jersey/jersey-client/1.19.1/jersey-client-1.19.1.jar:/home/sdellsperger/.m2/repository/com/sun/jersey/contribs/jersey-apache-client4/1.19.1/jersey-apache-client4-1.19.1.jar:/home/sdellsperger/.m2/repository/org/apache/httpcomponents/httpclient/4.5.6/httpclient-4.5.6.jar:/home/sdellsperger/.m2/repository/org/apache/httpcomponents/httpcore/4.4.10/httpcore-4.4.10.jar:/home/sdellsperger/.m2/repository/commons-codec/commons-codec/1.11/commons-codec-1.11.jar:/home/sdellsperger/.m2/repository/com/google/inject/guice/4.1.0/guice-4.1.0.jar:/home/sdellsperger/.m2/repository/javax/inject/javax.inject/1/javax.inject-1.jar:/home/sdellsperger/.m2/repository/aopalliance/aopalliance/1.0/aopalliance-1.0.jar:/home/sdellsperger/.m2/repository/com/github/vlsi/compactmap/compactmap/1.2.1/compactmap-1.2.1.jar:/home/sdellsperger/.m2/repository/com/github/andrewoma/dexx/dexx-collections/0.2/dexx-collections-0.2.jar:/home/sdellsperger/.m2/repository/com/netflix/eureka/eureka-core/1.9.8/eureka-core-1.9.8.jar:/home/sdellsperger/.m2/repository/org/codehaus/woodstox/woodstox-core-asl/4.4.1/woodstox-core-asl-4.4.1.jar:/home/sdellsperger/.m2/repository/javax/xml/stream/stax-api/1.0-2/stax-api-1.0-2.jar:/home/sdellsperger/.m2/repository/org/codehaus/woodstox/stax2-api/3.1.4/stax2-api-3.1.4.jar:/home/sdellsperger/.m2/repository/org/springframework/cloud/spring-cloud-starter-netflix-ribbon/2.1.0.RELEASE/spring-cloud-starter-netflix-ribbon-2.1.0.RELEASE.jar:/home/sdellsperger/.m2/repository/com/netflix/ribbon/ribbon/2.3.0/ribbon-2.3.0.jar:/home/sdellsperger/.m2/repository/com/netflix/ribbon/ribbon-transport/2.3.0/ribbon-transport-2.3.0.jar:/home/sdellsperger/.m2/repository/io/reactivex/rxnetty-contexts/0.4.9/rxnetty-contexts-0.4.9.jar:/home/sdellsperger/.m2/repository/io/reactivex/rxnetty-servo/0.4.9/rxnetty-servo-0.4.9.jar:/home/sdellsperger/.m2/repository/io/reactivex/rxnetty/0.4.9/rxnetty-0.4.9.jar:/home/sdellsperger/.m2/repository/com/netflix/ribbon/ribbon-core/2.3.0/ribbon-core-2.3.0.jar:/home/sdellsperger/.m2/repository/com/netflix/ribbon/ribbon-httpclient/2.3.0/ribbon-httpclient-2.3.0.jar:/home/sdellsperger/.m2/repository/commons-collections/commons-collections/3.2.2/commons-collections-3.2.2.jar:/home/sdellsperger/.m2/repository/com/netflix/netflix-commons/netflix-commons-util/0.1.1/netflix-commons-util-0.1.1.jar:/home/sdellsperger/.m2/repository/com/netflix/ribbon/ribbon-loadbalancer/2.3.0/ribbon-loadbalancer-2.3.0.jar:/home/sdellsperger/.m2/repository/com/netflix/netflix-commons/netflix-statistics/0.1.1/netflix-statistics-0.1.1.jar:/home/sdellsperger/.m2/repository/com/netflix/ribbon/ribbon-eureka/2.3.0/ribbon-eureka-2.3.0.jar:/home/sdellsperger/.m2/repository/com/thoughtworks/xstream/xstream/1.4.10/xstream-1.4.10.jar:/home/sdellsperger/.m2/repository/xmlpull/xmlpull/1.1.3.1/xmlpull-1.1.3.1.jar:/home/sdellsperger/.m2/repository/xpp3/xpp3_min/1.1.4c/xpp3_min-1.1.4c.jar:"/>
    <property name="sun.cpu.endian" value="little"/>
    <property name="user.home" value="/home/sdellsperger"/>
    <property name="user.language" value="en"/>
    <property name="java.specification.vendor" value="Oracle Corporation"/>
    <property name="java.version.date" value="2019-09-17"/>
    <property name="java.home" value="/usr/lib/jvm/java-13-openjdk-amd64"/>
    <property name="file.separator" value="/"/>
    <property name="basedir" value="/home/sdellsperger/Documents/priv/school/Cloud/LakesideMutual-Customer-Self-Service-Backend"/>
    <property name="java.vm.compressedOopsMode" value="Zero based"/>
    <property name="line.separator" value="&#10;"/>
    <property name="java.vm.specification.vendor" value="Oracle Corporation"/>
    <property name="java.specification.name" value="Java Platform API Specification"/>
    <property name="surefire.real.class.path" value="/home/sdellsperger/Documents/priv/school/Cloud/LakesideMutual-Customer-Self-Service-Backend/target/surefire/surefirebooter4217513919306472726.jar"/>
    <property name="sun.management.compiler" value="HotSpot 64-Bit Tiered Compilers"/>
    <property name="java.runtime.version" value="13+33-Ubuntu-1"/>
    <property name="user.name" value="sdellsperger"/>
    <property name="path.separator" value=":"/>
    <property name="os.version" value="5.3.0-45-generic"/>
    <property name="java.runtime.name" value="OpenJDK Runtime Environment"/>
    <property name="file.encoding" value="UTF-8"/>
    <property name="java.vm.name" value="OpenJDK 64-Bit Server VM"/>
    <property name="localRepository" value="/home/sdellsperger/.m2/repository"/>
    <property name="java.vendor.url.bug" value="Unknown"/>
    <property name="java.io.tmpdir" value="/tmp"/>
    <property name="java.version" value="13"/>
    <property name="user.dir" value="/home/sdellsperger/Documents/priv/school/Cloud/LakesideMutual-Customer-Self-Service-Backend"/>
    <property name="os.arch" value="amd64"/>
    <property name="java.vm.specification.name" value="Java Virtual Machine Specification"/>
    <property name="java.library.path" value="/usr/java/packages/lib:/usr/lib/x86_64-linux-gnu/jni:/lib/x86_64-linux-gnu:/usr/lib/x86_64-linux-gnu:/usr/lib/jni:/lib:/usr/lib"/>
    <property name="java.vm.info" value="mixed mode, sharing"/>
    <property name="java.vendor" value="Private Build"/>
    <property name="java.vm.version" value="13+33-Ubuntu-1"/>
    <property name="sun.io.unicode.encoding" value="UnicodeLittle"/>
    <property name="java.class.version" value="57.0"/>
  </properties>
  <testcase name="ddd_objects_should_reside_in_domain_pkg" classname="com.lakesidemutual.customerselfservice.tests.ArchitectureTests" time="2.273"/>
  <testcase name="domain_events_should_be_suffixed" classname="com.lakesidemutual.customerselfservice.tests.ArchitectureTests" time="0"/>
  <testcase name="dtos_should_reside_in_dtos_pkg" classname="com.lakesidemutual.customerselfservice.tests.ArchitectureTests" time="0"/>
  <testcase name="entities_should_be_suffixed" classname="com.lakesidemutual.customerselfservice.tests.ArchitectureTests" time="0"/>
  <testcase name="factories_should_be_suffixed" classname="com.lakesidemutual.customerselfservice.tests.ArchitectureTests" time="0"/>
  <testcase name="layer_dependencies_are_respected" classname="com.lakesidemutual.customerselfservice.tests.ArchitectureTests" time="0"/>
  <testcase name="repositories_should_be_suffixed" classname="com.lakesidemutual.customerselfservice.tests.ArchitectureTests" time="0"/>
  <testcase name="rest_controllers_should_be_suffixed" classname="com.lakesidemutual.customerselfservice.tests.ArchitectureTests" time="0"/>
  <testcase name="rest_controllers_should_reside_in_interfaces_pkg" classname="com.lakesidemutual.customerselfservice.tests.ArchitectureTests" time="0"/>
  <testcase name="root_entities_should_be_suffixed" classname="com.lakesidemutual.customerselfservice.tests.ArchitectureTests" time="0"/>
</testsuite>